\BOOKMARK [1][-]{section.1}{Introduzione}{}% 1
\BOOKMARK [2][-]{subsection.1.1}{La filosofia open-data}{section.1}% 2
\BOOKMARK [2][-]{subsection.1.2}{Interoperabilit\340}{section.1}% 3
\BOOKMARK [2][-]{subsection.1.3}{EUROVOC}{section.1}% 4
\BOOKMARK [2][-]{subsection.1.4}{DCAT e DCAT-AP-it}{section.1}% 5
\BOOKMARK [1][-]{section.2}{Elaborazione dei corpus}{}% 6
\BOOKMARK [2][-]{subsection.2.1}{Lemmatizzazione}{section.2}% 7
\BOOKMARK [2][-]{subsection.2.2}{Disambiguazione}{section.2}% 8
\BOOKMARK [2][-]{subsection.2.3}{Feature selection}{section.2}% 9
\BOOKMARK [3][-]{subsubsection.2.3.1}{Mutual information}{subsection.2.3}% 10
\BOOKMARK [3][-]{subsubsection.2.3.2}{Chi square}{subsection.2.3}% 11
\BOOKMARK [3][-]{subsubsection.2.3.3}{Frequency based}{subsection.2.3}% 12
\BOOKMARK [1][-]{section.3}{Vector space model}{}% 13
\BOOKMARK [2][-]{subsection.3.1}{Il classificatore JEX}{section.3}% 14
\BOOKMARK [1][-]{section.4}{Bayesian learning}{}% 15
\BOOKMARK [2][-]{subsection.4.1}{Formula di Bayes}{section.4}% 16
\BOOKMARK [2][-]{subsection.4.2}{Classificatori bayesiani na\357ve}{section.4}% 17
\BOOKMARK [2][-]{subsection.4.3}{Stima delle probabilit\340 \(m-estimate\)}{section.4}% 18
\BOOKMARK [2][-]{subsection.4.4}{Classificazione bayesiana di testi }{section.4}% 19
\BOOKMARK [2][-]{subsection.4.5}{Rappresentazione testi e stima delle probabilit\340}{section.4}% 20
\BOOKMARK [1][-]{section.5}{Aspetti software}{}% 21
\BOOKMARK [2][-]{subsection.5.1}{Architettura}{section.5}% 22
\BOOKMARK [2][-]{subsection.5.2}{Deployment}{section.5}% 23
